  TestSceneBenko.cpp
c:\users\pabenk\desktop\vorzeigecode\examplecode\examplecode\testscenes\testscenebenko.cpp(51): warning C4244: "Argument": Konvertierung von "double" in "float", möglicher Datenverlust
c:\users\pabenk\desktop\vorzeigecode\examplecode\examplecode\testscenes\testscenebenko.cpp(61): warning C4244: "+=": Konvertierung von "double" in "float", möglicher Datenverlust
c:\users\pabenk\desktop\vorzeigecode\examplecode\examplecode\testscenes\testscenebenko.cpp(63): warning C4244: "Argument": Konvertierung von "double" in "float", möglicher Datenverlust
c:\users\pabenk\desktop\vorzeigecode\examplecode\examplecode\testscenes\testscenebenko.cpp(155): warning C4305: "Argument": Verkürzung von "double" in "float"
c:\users\pabenk\desktop\vorzeigecode\examplecode\examplecode\testscenes\testscenebenko.cpp(171): warning C4305: "Argument": Verkürzung von "double" in "float"
c:\users\pabenk\desktop\vorzeigecode\examplecode\examplecode\testscenes\testscenebenko.cpp(250): warning C4305: "Argument": Verkürzung von "double" in "float"
c:\users\pabenk\desktop\vorzeigecode\examplecode\examplecode\testscenes\testscenebenko.cpp(342): warning C4305: "Argument": Verkürzung von "double" in "const float"
c:\users\pabenk\desktop\vorzeigecode\examplecode\examplecode\testscenes\testscenebenko.cpp(350): warning C4305: "Argument": Verkürzung von "double" in "const float"
c:\users\pabenk\desktop\vorzeigecode\examplecode\examplecode\testscenes\testscenebenko.cpp(439): warning C4305: "Argument": Verkürzung von "double" in "float"
c:\users\pabenk\desktop\vorzeigecode\examplecode\examplecode\testscenes\testscenebenko.cpp(441): warning C4305: "Argument": Verkürzung von "double" in "float"
c:\users\pabenk\desktop\vorzeigecode\examplecode\examplecode\testscenes\testscenebenko.cpp(497): warning C4305: "Argument": Verkürzung von "double" in "float"
  main.cpp
  Code wird generiert...
  BAMEngine.lib(InputManager.obj) : Es wurde ein mit /GL kompiliertes MSIL .netmodule oder module gefunden. Verknüpfung wird mit /LTCG erneut gestartet. Fügen Sie /LTCG zur Linkbefehlszeile hinzu, um die Linkerleistung zu erhöhen.
LINK : warning LNK4075: /INCREMENTAL wird aufgrund der Angabe von /LTCG ignoriert.
BAMEngine.lib(InputManager.obj) : error LNK2038: Konflikt ermittelt f³r "_ITERATOR_DEBUG_LEVEL": Der Wert "0" stimmt nicht mit dem Wert "2" in Game.obj ³berein.
BAMEngine.lib(InputManager.obj) : error LNK2038: Konflikt ermittelt f³r "RuntimeLibrary": Der Wert "MD_DynamicRelease" stimmt nicht mit dem Wert "MDd_DynamicDebug" in Game.obj ³berein.
BAMEngine.lib(SceneManager.obj) : error LNK2038: Konflikt ermittelt f³r "_ITERATOR_DEBUG_LEVEL": Der Wert "0" stimmt nicht mit dem Wert "2" in Game.obj ³berein.
BAMEngine.lib(SceneManager.obj) : error LNK2038: Konflikt ermittelt f³r "RuntimeLibrary": Der Wert "MD_DynamicRelease" stimmt nicht mit dem Wert "MDd_DynamicDebug" in Game.obj ³berein.
BAMEngine.lib(AudioPlayer.obj) : error LNK2038: Konflikt ermittelt f³r "_ITERATOR_DEBUG_LEVEL": Der Wert "0" stimmt nicht mit dem Wert "2" in Game.obj ³berein.
BAMEngine.lib(AudioPlayer.obj) : error LNK2038: Konflikt ermittelt f³r "RuntimeLibrary": Der Wert "MD_DynamicRelease" stimmt nicht mit dem Wert "MDd_DynamicDebug" in Game.obj ³berein.
BAMEngine.lib(BAMEngine.obj) : error LNK2038: Konflikt ermittelt f³r "_ITERATOR_DEBUG_LEVEL": Der Wert "0" stimmt nicht mit dem Wert "2" in Game.obj ³berein.
BAMEngine.lib(BAMEngine.obj) : error LNK2038: Konflikt ermittelt f³r "RuntimeLibrary": Der Wert "MD_DynamicRelease" stimmt nicht mit dem Wert "MDd_DynamicDebug" in Game.obj ³berein.
BAMEngine.lib(Timer.obj) : error LNK2038: Konflikt ermittelt f³r "_ITERATOR_DEBUG_LEVEL": Der Wert "0" stimmt nicht mit dem Wert "2" in Game.obj ³berein.
BAMEngine.lib(Timer.obj) : error LNK2038: Konflikt ermittelt f³r "RuntimeLibrary": Der Wert "MD_DynamicRelease" stimmt nicht mit dem Wert "MDd_DynamicDebug" in Game.obj ³berein.
BAMEngine.lib(Vector3f.obj) : error LNK2038: Konflikt ermittelt f³r "_ITERATOR_DEBUG_LEVEL": Der Wert "0" stimmt nicht mit dem Wert "2" in Game.obj ³berein.
BAMEngine.lib(Vector3f.obj) : error LNK2038: Konflikt ermittelt f³r "RuntimeLibrary": Der Wert "MD_DynamicRelease" stimmt nicht mit dem Wert "MDd_DynamicDebug" in Game.obj ³berein.
BAMEngine.lib(Vector2f.obj) : error LNK2038: Konflikt ermittelt f³r "_ITERATOR_DEBUG_LEVEL": Der Wert "0" stimmt nicht mit dem Wert "2" in Game.obj ³berein.
BAMEngine.lib(Vector2f.obj) : error LNK2038: Konflikt ermittelt f³r "RuntimeLibrary": Der Wert "MD_DynamicRelease" stimmt nicht mit dem Wert "MDd_DynamicDebug" in Game.obj ³berein.
BAMEngine.lib(Material.obj) : error LNK2038: Konflikt ermittelt f³r "_ITERATOR_DEBUG_LEVEL": Der Wert "0" stimmt nicht mit dem Wert "2" in Game.obj ³berein.
BAMEngine.lib(Material.obj) : error LNK2038: Konflikt ermittelt f³r "RuntimeLibrary": Der Wert "MD_DynamicRelease" stimmt nicht mit dem Wert "MDd_DynamicDebug" in Game.obj ³berein.
BAMEngine.lib(IGUIObject.obj) : error LNK2038: Konflikt ermittelt f³r "_ITERATOR_DEBUG_LEVEL": Der Wert "0" stimmt nicht mit dem Wert "2" in Game.obj ³berein.
BAMEngine.lib(IGUIObject.obj) : error LNK2038: Konflikt ermittelt f³r "RuntimeLibrary": Der Wert "MD_DynamicRelease" stimmt nicht mit dem Wert "MDd_DynamicDebug" in Game.obj ³berein.
BAMEngine.lib(GUIPlane.obj) : error LNK2038: Konflikt ermittelt f³r "_ITERATOR_DEBUG_LEVEL": Der Wert "0" stimmt nicht mit dem Wert "2" in Game.obj ³berein.
BAMEngine.lib(GUIPlane.obj) : error LNK2038: Konflikt ermittelt f³r "RuntimeLibrary": Der Wert "MD_DynamicRelease" stimmt nicht mit dem Wert "MDd_DynamicDebug" in Game.obj ³berein.
BAMEngine.lib(Button.obj) : error LNK2038: Konflikt ermittelt f³r "_ITERATOR_DEBUG_LEVEL": Der Wert "0" stimmt nicht mit dem Wert "2" in Game.obj ³berein.
BAMEngine.lib(Button.obj) : error LNK2038: Konflikt ermittelt f³r "RuntimeLibrary": Der Wert "MD_DynamicRelease" stimmt nicht mit dem Wert "MDd_DynamicDebug" in Game.obj ³berein.
BAMEngine.lib(ColorRGB.obj) : error LNK2038: Konflikt ermittelt f³r "_ITERATOR_DEBUG_LEVEL": Der Wert "0" stimmt nicht mit dem Wert "2" in Game.obj ³berein.
BAMEngine.lib(ColorRGB.obj) : error LNK2038: Konflikt ermittelt f³r "RuntimeLibrary": Der Wert "MD_DynamicRelease" stimmt nicht mit dem Wert "MDd_DynamicDebug" in Game.obj ³berein.
BAMEngine.lib(Vertex.obj) : error LNK2038: Konflikt ermittelt f³r "_ITERATOR_DEBUG_LEVEL": Der Wert "0" stimmt nicht mit dem Wert "2" in Game.obj ³berein.
BAMEngine.lib(Vertex.obj) : error LNK2038: Konflikt ermittelt f³r "RuntimeLibrary": Der Wert "MD_DynamicRelease" stimmt nicht mit dem Wert "MDd_DynamicDebug" in Game.obj ³berein.
BAMEngine.lib(IGeo3D.obj) : error LNK2038: Konflikt ermittelt f³r "_ITERATOR_DEBUG_LEVEL": Der Wert "0" stimmt nicht mit dem Wert "2" in Game.obj ³berein.
BAMEngine.lib(IGeo3D.obj) : error LNK2038: Konflikt ermittelt f³r "RuntimeLibrary": Der Wert "MD_DynamicRelease" stimmt nicht mit dem Wert "MDd_DynamicDebug" in Game.obj ³berein.
BAMEngine.lib(Placement.obj) : error LNK2038: Konflikt ermittelt f³r "_ITERATOR_DEBUG_LEVEL": Der Wert "0" stimmt nicht mit dem Wert "2" in Game.obj ³berein.
BAMEngine.lib(Placement.obj) : error LNK2038: Konflikt ermittelt f³r "RuntimeLibrary": Der Wert "MD_DynamicRelease" stimmt nicht mit dem Wert "MDd_DynamicDebug" in Game.obj ³berein.
BAMEngine.lib(Cone.obj) : error LNK2038: Konflikt ermittelt f³r "_ITERATOR_DEBUG_LEVEL": Der Wert "0" stimmt nicht mit dem Wert "2" in Game.obj ³berein.
BAMEngine.lib(Cone.obj) : error LNK2038: Konflikt ermittelt f³r "RuntimeLibrary": Der Wert "MD_DynamicRelease" stimmt nicht mit dem Wert "MDd_DynamicDebug" in Game.obj ³berein.
BAMEngine.lib(Sphere.obj) : error LNK2038: Konflikt ermittelt f³r "_ITERATOR_DEBUG_LEVEL": Der Wert "0" stimmt nicht mit dem Wert "2" in Game.obj ³berein.
BAMEngine.lib(Sphere.obj) : error LNK2038: Konflikt ermittelt f³r "RuntimeLibrary": Der Wert "MD_DynamicRelease" stimmt nicht mit dem Wert "MDd_DynamicDebug" in Game.obj ³berein.
BAMEngine.lib(MaterialCollection.obj) : error LNK2038: Konflikt ermittelt f³r "_ITERATOR_DEBUG_LEVEL": Der Wert "0" stimmt nicht mit dem Wert "2" in Game.obj ³berein.
BAMEngine.lib(MaterialCollection.obj) : error LNK2038: Konflikt ermittelt f³r "RuntimeLibrary": Der Wert "MD_DynamicRelease" stimmt nicht mit dem Wert "MDd_DynamicDebug" in Game.obj ³berein.
BAMEngine.lib(Scene.obj) : error LNK2038: Konflikt ermittelt f³r "_ITERATOR_DEBUG_LEVEL": Der Wert "0" stimmt nicht mit dem Wert "2" in Game.obj ³berein.
BAMEngine.lib(Scene.obj) : error LNK2038: Konflikt ermittelt f³r "RuntimeLibrary": Der Wert "MD_DynamicRelease" stimmt nicht mit dem Wert "MDd_DynamicDebug" in Game.obj ³berein.
BAMEngine.lib(GeoTriangle3D.obj) : error LNK2038: Konflikt ermittelt f³r "_ITERATOR_DEBUG_LEVEL": Der Wert "0" stimmt nicht mit dem Wert "2" in Game.obj ³berein.
BAMEngine.lib(GeoTriangle3D.obj) : error LNK2038: Konflikt ermittelt f³r "RuntimeLibrary": Der Wert "MD_DynamicRelease" stimmt nicht mit dem Wert "MDd_DynamicDebug" in Game.obj ³berein.
BAMEngine.lib(Camera.obj) : error LNK2038: Konflikt ermittelt f³r "_ITERATOR_DEBUG_LEVEL": Der Wert "0" stimmt nicht mit dem Wert "2" in Game.obj ³berein.
BAMEngine.lib(Camera.obj) : error LNK2038: Konflikt ermittelt f³r "RuntimeLibrary": Der Wert "MD_DynamicRelease" stimmt nicht mit dem Wert "MDd_DynamicDebug" in Game.obj ³berein.
BAMEngine.lib(GUIHandler.obj) : error LNK2038: Konflikt ermittelt f³r "_ITERATOR_DEBUG_LEVEL": Der Wert "0" stimmt nicht mit dem Wert "2" in Game.obj ³berein.
BAMEngine.lib(GUIHandler.obj) : error LNK2038: Konflikt ermittelt f³r "RuntimeLibrary": Der Wert "MD_DynamicRelease" stimmt nicht mit dem Wert "MDd_DynamicDebug" in Game.obj ³berein.
BAMEngine.lib(Skydome.obj) : error LNK2038: Konflikt ermittelt f³r "_ITERATOR_DEBUG_LEVEL": Der Wert "0" stimmt nicht mit dem Wert "2" in Game.obj ³berein.
BAMEngine.lib(Skydome.obj) : error LNK2038: Konflikt ermittelt f³r "RuntimeLibrary": Der Wert "MD_DynamicRelease" stimmt nicht mit dem Wert "MDd_DynamicDebug" in Game.obj ³berein.
BAMEngine.lib(Plane.obj) : error LNK2038: Konflikt ermittelt f³r "_ITERATOR_DEBUG_LEVEL": Der Wert "0" stimmt nicht mit dem Wert "2" in Game.obj ³berein.
BAMEngine.lib(Plane.obj) : error LNK2038: Konflikt ermittelt f³r "RuntimeLibrary": Der Wert "MD_DynamicRelease" stimmt nicht mit dem Wert "MDd_DynamicDebug" in Game.obj ³berein.
BAMEngine.lib(ILight.obj) : error LNK2038: Konflikt ermittelt f³r "_ITERATOR_DEBUG_LEVEL": Der Wert "0" stimmt nicht mit dem Wert "2" in Game.obj ³berein.
BAMEngine.lib(ILight.obj) : error LNK2038: Konflikt ermittelt f³r "RuntimeLibrary": Der Wert "MD_DynamicRelease" stimmt nicht mit dem Wert "MDd_DynamicDebug" in Game.obj ³berein.
BAMEngine.lib(BoneMesh.obj) : error LNK2038: Konflikt ermittelt f³r "_ITERATOR_DEBUG_LEVEL": Der Wert "0" stimmt nicht mit dem Wert "2" in Game.obj ³berein.
BAMEngine.lib(BoneMesh.obj) : error LNK2038: Konflikt ermittelt f³r "RuntimeLibrary": Der Wert "MD_DynamicRelease" stimmt nicht mit dem Wert "MDd_DynamicDebug" in Game.obj ³berein.
BAMEngine.lib(SkeletonMesh.obj) : error LNK2038: Konflikt ermittelt f³r "_ITERATOR_DEBUG_LEVEL": Der Wert "0" stimmt nicht mit dem Wert "2" in Game.obj ³berein.
BAMEngine.lib(SkeletonMesh.obj) : error LNK2038: Konflikt ermittelt f³r "RuntimeLibrary": Der Wert "MD_DynamicRelease" stimmt nicht mit dem Wert "MDd_DynamicDebug" in Game.obj ³berein.
BAMEngine.lib(Cube.obj) : error LNK2038: Konflikt ermittelt f³r "_ITERATOR_DEBUG_LEVEL": Der Wert "0" stimmt nicht mit dem Wert "2" in Game.obj ³berein.
BAMEngine.lib(Cube.obj) : error LNK2038: Konflikt ermittelt f³r "RuntimeLibrary": Der Wert "MD_DynamicRelease" stimmt nicht mit dem Wert "MDd_DynamicDebug" in Game.obj ³berein.
BAMEngine.lib(SpotLight.obj) : error LNK2038: Konflikt ermittelt f³r "_ITERATOR_DEBUG_LEVEL": Der Wert "0" stimmt nicht mit dem Wert "2" in Game.obj ³berein.
BAMEngine.lib(SpotLight.obj) : error LNK2038: Konflikt ermittelt f³r "RuntimeLibrary": Der Wert "MD_DynamicRelease" stimmt nicht mit dem Wert "MDd_DynamicDebug" in Game.obj ³berein.
BAMEngine.lib(DirectLight.obj) : error LNK2038: Konflikt ermittelt f³r "_ITERATOR_DEBUG_LEVEL": Der Wert "0" stimmt nicht mit dem Wert "2" in Game.obj ³berein.
BAMEngine.lib(DirectLight.obj) : error LNK2038: Konflikt ermittelt f³r "RuntimeLibrary": Der Wert "MD_DynamicRelease" stimmt nicht mit dem Wert "MDd_DynamicDebug" in Game.obj ³berein.
BAMEngine.lib(PointLight.obj) : error LNK2038: Konflikt ermittelt f³r "_ITERATOR_DEBUG_LEVEL": Der Wert "0" stimmt nicht mit dem Wert "2" in Game.obj ³berein.
BAMEngine.lib(PointLight.obj) : error LNK2038: Konflikt ermittelt f³r "RuntimeLibrary": Der Wert "MD_DynamicRelease" stimmt nicht mit dem Wert "MDd_DynamicDebug" in Game.obj ³berein.
BAMEngine.lib(Skybox.obj) : error LNK2038: Konflikt ermittelt f³r "_ITERATOR_DEBUG_LEVEL": Der Wert "0" stimmt nicht mit dem Wert "2" in Game.obj ³berein.
BAMEngine.lib(Skybox.obj) : error LNK2038: Konflikt ermittelt f³r "RuntimeLibrary": Der Wert "MD_DynamicRelease" stimmt nicht mit dem Wert "MDd_DynamicDebug" in Game.obj ³berein.
BAMEngine.lib(IParticleSystem.obj) : error LNK2038: Konflikt ermittelt f³r "_ITERATOR_DEBUG_LEVEL": Der Wert "0" stimmt nicht mit dem Wert "2" in Game.obj ³berein.
BAMEngine.lib(IParticleSystem.obj) : error LNK2038: Konflikt ermittelt f³r "RuntimeLibrary": Der Wert "MD_DynamicRelease" stimmt nicht mit dem Wert "MDd_DynamicDebug" in Game.obj ³berein.
BAMEngine.lib(ParticleSystem.obj) : error LNK2038: Konflikt ermittelt f³r "_ITERATOR_DEBUG_LEVEL": Der Wert "0" stimmt nicht mit dem Wert "2" in Game.obj ³berein.
BAMEngine.lib(ParticleSystem.obj) : error LNK2038: Konflikt ermittelt f³r "RuntimeLibrary": Der Wert "MD_DynamicRelease" stimmt nicht mit dem Wert "MDd_DynamicDebug" in Game.obj ³berein.
BAMEngine.lib(ThreadedObjectLoader.obj) : error LNK2038: Konflikt ermittelt f³r "_ITERATOR_DEBUG_LEVEL": Der Wert "0" stimmt nicht mit dem Wert "2" in Game.obj ³berein.
BAMEngine.lib(ThreadedObjectLoader.obj) : error LNK2038: Konflikt ermittelt f³r "RuntimeLibrary": Der Wert "MD_DynamicRelease" stimmt nicht mit dem Wert "MDd_DynamicDebug" in Game.obj ³berein.
BAMEngine.lib(AssimpObjectLoader.obj) : error LNK2038: Konflikt ermittelt f³r "_ITERATOR_DEBUG_LEVEL": Der Wert "0" stimmt nicht mit dem Wert "2" in Game.obj ³berein.
BAMEngine.lib(AssimpObjectLoader.obj) : error LNK2038: Konflikt ermittelt f³r "RuntimeLibrary": Der Wert "MD_DynamicRelease" stimmt nicht mit dem Wert "MDd_DynamicDebug" in Game.obj ³berein.
BAMEngine.lib(Quad.obj) : error LNK2038: Konflikt ermittelt f³r "_ITERATOR_DEBUG_LEVEL": Der Wert "0" stimmt nicht mit dem Wert "2" in Game.obj ³berein.
BAMEngine.lib(Quad.obj) : error LNK2038: Konflikt ermittelt f³r "RuntimeLibrary": Der Wert "MD_DynamicRelease" stimmt nicht mit dem Wert "MDd_DynamicDebug" in Game.obj ³berein.
BAMEngine.lib(Terrain.obj) : error LNK2038: Konflikt ermittelt f³r "_ITERATOR_DEBUG_LEVEL": Der Wert "0" stimmt nicht mit dem Wert "2" in Game.obj ³berein.
BAMEngine.lib(Terrain.obj) : error LNK2038: Konflikt ermittelt f³r "RuntimeLibrary": Der Wert "MD_DynamicRelease" stimmt nicht mit dem Wert "MDd_DynamicDebug" in Game.obj ³berein.
BAMEngine.lib(IWindow.obj) : error LNK2038: Konflikt ermittelt f³r "_ITERATOR_DEBUG_LEVEL": Der Wert "0" stimmt nicht mit dem Wert "2" in Game.obj ³berein.
BAMEngine.lib(IWindow.obj) : error LNK2038: Konflikt ermittelt f³r "RuntimeLibrary": Der Wert "MD_DynamicRelease" stimmt nicht mit dem Wert "MDd_DynamicDebug" in Game.obj ³berein.
BAMEngine.lib(Optimizer.obj) : error LNK2038: Konflikt ermittelt f³r "_ITERATOR_DEBUG_LEVEL": Der Wert "0" stimmt nicht mit dem Wert "2" in Game.obj ³berein.
BAMEngine.lib(Optimizer.obj) : error LNK2038: Konflikt ermittelt f³r "RuntimeLibrary": Der Wert "MD_DynamicRelease" stimmt nicht mit dem Wert "MDd_DynamicDebug" in Game.obj ³berein.
BAMEngine.lib(Matrix4x4f.obj) : error LNK2038: Konflikt ermittelt f³r "_ITERATOR_DEBUG_LEVEL": Der Wert "0" stimmt nicht mit dem Wert "2" in Game.obj ³berein.
BAMEngine.lib(Matrix4x4f.obj) : error LNK2038: Konflikt ermittelt f³r "RuntimeLibrary": Der Wert "MD_DynamicRelease" stimmt nicht mit dem Wert "MDd_DynamicDebug" in Game.obj ³berein.
BAMEngine.lib(AABB.obj) : error LNK2038: Konflikt ermittelt f³r "_ITERATOR_DEBUG_LEVEL": Der Wert "0" stimmt nicht mit dem Wert "2" in Game.obj ³berein.
BAMEngine.lib(AABB.obj) : error LNK2038: Konflikt ermittelt f³r "RuntimeLibrary": Der Wert "MD_DynamicRelease" stimmt nicht mit dem Wert "MDd_DynamicDebug" in Game.obj ³berein.
BAMEngine.lib(RenderObjectFactory.obj) : error LNK2038: Konflikt ermittelt f³r "_ITERATOR_DEBUG_LEVEL": Der Wert "0" stimmt nicht mit dem Wert "2" in Game.obj ³berein.
BAMEngine.lib(RenderObjectFactory.obj) : error LNK2038: Konflikt ermittelt f³r "RuntimeLibrary": Der Wert "MD_DynamicRelease" stimmt nicht mit dem Wert "MDd_DynamicDebug" in Game.obj ³berein.
BAMEngine.lib(RenderObject.obj) : error LNK2038: Konflikt ermittelt f³r "_ITERATOR_DEBUG_LEVEL": Der Wert "0" stimmt nicht mit dem Wert "2" in Game.obj ³berein.
BAMEngine.lib(RenderObject.obj) : error LNK2038: Konflikt ermittelt f³r "RuntimeLibrary": Der Wert "MD_DynamicRelease" stimmt nicht mit dem Wert "MDd_DynamicDebug" in Game.obj ³berein.
BAMEngine.lib(Physics.obj) : error LNK2038: Konflikt ermittelt f³r "_ITERATOR_DEBUG_LEVEL": Der Wert "0" stimmt nicht mit dem Wert "2" in Game.obj ³berein.
BAMEngine.lib(Physics.obj) : error LNK2038: Konflikt ermittelt f³r "RuntimeLibrary": Der Wert "MD_DynamicRelease" stimmt nicht mit dem Wert "MDd_DynamicDebug" in Game.obj ³berein.
BAMEngine.lib(DirectXInputAPI.obj) : error LNK2038: Konflikt ermittelt f³r "_ITERATOR_DEBUG_LEVEL": Der Wert "0" stimmt nicht mit dem Wert "2" in Game.obj ³berein.
BAMEngine.lib(DirectXInputAPI.obj) : error LNK2038: Konflikt ermittelt f³r "RuntimeLibrary": Der Wert "MD_DynamicRelease" stimmt nicht mit dem Wert "MDd_DynamicDebug" in Game.obj ³berein.
BAMEngine.lib(GraphicsAPIDirectX11Deferred.obj) : error LNK2038: Konflikt ermittelt f³r "_ITERATOR_DEBUG_LEVEL": Der Wert "0" stimmt nicht mit dem Wert "2" in Game.obj ³berein.
BAMEngine.lib(GraphicsAPIDirectX11Deferred.obj) : error LNK2038: Konflikt ermittelt f³r "RuntimeLibrary": Der Wert "MD_DynamicRelease" stimmt nicht mit dem Wert "MDd_DynamicDebug" in Game.obj ³berein.
BAMEngine.lib(OpenGLWindow.obj) : error LNK2038: Konflikt ermittelt f³r "_ITERATOR_DEBUG_LEVEL": Der Wert "0" stimmt nicht mit dem Wert "2" in Game.obj ³berein.
BAMEngine.lib(OpenGLWindow.obj) : error LNK2038: Konflikt ermittelt f³r "RuntimeLibrary": Der Wert "MD_DynamicRelease" stimmt nicht mit dem Wert "MDd_DynamicDebug" in Game.obj ³berein.
BAMEngine.lib(GraphicsAPIOpenGL4.obj) : error LNK2038: Konflikt ermittelt f³r "_ITERATOR_DEBUG_LEVEL": Der Wert "0" stimmt nicht mit dem Wert "2" in Game.obj ³berein.
BAMEngine.lib(GraphicsAPIOpenGL4.obj) : error LNK2038: Konflikt ermittelt f³r "RuntimeLibrary": Der Wert "MD_DynamicRelease" stimmt nicht mit dem Wert "MDd_DynamicDebug" in Game.obj ³berein.
BAMEngine.lib(GraphicsAPIDirectX11.obj) : error LNK2038: Konflikt ermittelt f³r "_ITERATOR_DEBUG_LEVEL": Der Wert "0" stimmt nicht mit dem Wert "2" in Game.obj ³berein.
BAMEngine.lib(GraphicsAPIDirectX11.obj) : error LNK2038: Konflikt ermittelt f³r "RuntimeLibrary": Der Wert "MD_DynamicRelease" stimmt nicht mit dem Wert "MDd_DynamicDebug" in Game.obj ³berein.
BAMEngine.lib(GraphicsAPINullRenderer.obj) : error LNK2038: Konflikt ermittelt f³r "_ITERATOR_DEBUG_LEVEL": Der Wert "0" stimmt nicht mit dem Wert "2" in Game.obj ³berein.
BAMEngine.lib(GraphicsAPINullRenderer.obj) : error LNK2038: Konflikt ermittelt f³r "RuntimeLibrary": Der Wert "MD_DynamicRelease" stimmt nicht mit dem Wert "MDd_DynamicDebug" in Game.obj ³berein.
BAMEngine.lib(DirectXWindow.obj) : error LNK2038: Konflikt ermittelt f³r "_ITERATOR_DEBUG_LEVEL": Der Wert "0" stimmt nicht mit dem Wert "2" in Game.obj ³berein.
BAMEngine.lib(DirectXWindow.obj) : error LNK2038: Konflikt ermittelt f³r "RuntimeLibrary": Der Wert "MD_DynamicRelease" stimmt nicht mit dem Wert "MDd_DynamicDebug" in Game.obj ³berein.
BAMEngine.lib(OpenALSoundAPI.obj) : error LNK2038: Konflikt ermittelt f³r "_ITERATOR_DEBUG_LEVEL": Der Wert "0" stimmt nicht mit dem Wert "2" in Game.obj ³berein.
BAMEngine.lib(OpenALSoundAPI.obj) : error LNK2038: Konflikt ermittelt f³r "RuntimeLibrary": Der Wert "MD_DynamicRelease" stimmt nicht mit dem Wert "MDd_DynamicDebug" in Game.obj ³berein.
BAMEngine.lib(GraphicsAPIDirectX11DemoScene.obj) : error LNK2038: Konflikt ermittelt f³r "_ITERATOR_DEBUG_LEVEL": Der Wert "0" stimmt nicht mit dem Wert "2" in Game.obj ³berein.
BAMEngine.lib(GraphicsAPIDirectX11DemoScene.obj) : error LNK2038: Konflikt ermittelt f³r "RuntimeLibrary": Der Wert "MD_DynamicRelease" stimmt nicht mit dem Wert "MDd_DynamicDebug" in Game.obj ³berein.
BAMEngine.lib(IGraphicsAPI.obj) : error LNK2038: Konflikt ermittelt f³r "_ITERATOR_DEBUG_LEVEL": Der Wert "0" stimmt nicht mit dem Wert "2" in Game.obj ³berein.
BAMEngine.lib(IGraphicsAPI.obj) : error LNK2038: Konflikt ermittelt f³r "RuntimeLibrary": Der Wert "MD_DynamicRelease" stimmt nicht mit dem Wert "MDd_DynamicDebug" in Game.obj ³berein.
BAMEngine.lib(OpenGLInputAPI.obj) : error LNK2038: Konflikt ermittelt f³r "_ITERATOR_DEBUG_LEVEL": Der Wert "0" stimmt nicht mit dem Wert "2" in Game.obj ³berein.
BAMEngine.lib(OpenGLInputAPI.obj) : error LNK2038: Konflikt ermittelt f³r "RuntimeLibrary": Der Wert "MD_DynamicRelease" stimmt nicht mit dem Wert "MDd_DynamicDebug" in Game.obj ³berein.
BAMEngine.lib(Vector4f.obj) : error LNK2038: Konflikt ermittelt f³r "_ITERATOR_DEBUG_LEVEL": Der Wert "0" stimmt nicht mit dem Wert "2" in Game.obj ³berein.
BAMEngine.lib(Vector4f.obj) : error LNK2038: Konflikt ermittelt f³r "RuntimeLibrary": Der Wert "MD_DynamicRelease" stimmt nicht mit dem Wert "MDd_DynamicDebug" in Game.obj ³berein.
BAMEngine.lib(Quaternion.obj) : error LNK2038: Konflikt ermittelt f³r "_ITERATOR_DEBUG_LEVEL": Der Wert "0" stimmt nicht mit dem Wert "2" in Game.obj ³berein.
BAMEngine.lib(Quaternion.obj) : error LNK2038: Konflikt ermittelt f³r "RuntimeLibrary": Der Wert "MD_DynamicRelease" stimmt nicht mit dem Wert "MDd_DynamicDebug" in Game.obj ³berein.
BAMEngine.lib(Texture.obj) : error LNK2038: Konflikt ermittelt f³r "_ITERATOR_DEBUG_LEVEL": Der Wert "0" stimmt nicht mit dem Wert "2" in Game.obj ³berein.
BAMEngine.lib(Texture.obj) : error LNK2038: Konflikt ermittelt f³r "RuntimeLibrary": Der Wert "MD_DynamicRelease" stimmt nicht mit dem Wert "MDd_DynamicDebug" in Game.obj ³berein.
BAMEngine.lib(Bone.obj) : error LNK2038: Konflikt ermittelt f³r "_ITERATOR_DEBUG_LEVEL": Der Wert "0" stimmt nicht mit dem Wert "2" in Game.obj ³berein.
BAMEngine.lib(Bone.obj) : error LNK2038: Konflikt ermittelt f³r "RuntimeLibrary": Der Wert "MD_DynamicRelease" stimmt nicht mit dem Wert "MDd_DynamicDebug" in Game.obj ³berein.
BAMEngine.lib(AnimationNode.obj) : error LNK2038: Konflikt ermittelt f³r "_ITERATOR_DEBUG_LEVEL": Der Wert "0" stimmt nicht mit dem Wert "2" in Game.obj ³berein.
BAMEngine.lib(AnimationNode.obj) : error LNK2038: Konflikt ermittelt f³r "RuntimeLibrary": Der Wert "MD_DynamicRelease" stimmt nicht mit dem Wert "MDd_DynamicDebug" in Game.obj ³berein.
BAMEngine.lib(Node.obj) : error LNK2038: Konflikt ermittelt f³r "_ITERATOR_DEBUG_LEVEL": Der Wert "0" stimmt nicht mit dem Wert "2" in Game.obj ³berein.
BAMEngine.lib(Node.obj) : error LNK2038: Konflikt ermittelt f³r "RuntimeLibrary": Der Wert "MD_DynamicRelease" stimmt nicht mit dem Wert "MDd_DynamicDebug" in Game.obj ³berein.
BAMEngine.lib(SkinningAnimation.obj) : error LNK2038: Konflikt ermittelt f³r "_ITERATOR_DEBUG_LEVEL": Der Wert "0" stimmt nicht mit dem Wert "2" in Game.obj ³berein.
BAMEngine.lib(SkinningAnimation.obj) : error LNK2038: Konflikt ermittelt f³r "RuntimeLibrary": Der Wert "MD_DynamicRelease" stimmt nicht mit dem Wert "MDd_DynamicDebug" in Game.obj ³berein.
BAMEngine.lib(RessourceManager.obj) : error LNK2038: Konflikt ermittelt f³r "_ITERATOR_DEBUG_LEVEL": Der Wert "0" stimmt nicht mit dem Wert "2" in Game.obj ³berein.
BAMEngine.lib(RessourceManager.obj) : error LNK2038: Konflikt ermittelt f³r "RuntimeLibrary": Der Wert "MD_DynamicRelease" stimmt nicht mit dem Wert "MDd_DynamicDebug" in Game.obj ³berein.
BAMEngine.lib(BufferHandler.obj) : error LNK2038: Konflikt ermittelt f³r "_ITERATOR_DEBUG_LEVEL": Der Wert "0" stimmt nicht mit dem Wert "2" in Game.obj ³berein.
BAMEngine.lib(BufferHandler.obj) : error LNK2038: Konflikt ermittelt f³r "RuntimeLibrary": Der Wert "MD_DynamicRelease" stimmt nicht mit dem Wert "MDd_DynamicDebug" in Game.obj ³berein.
BAMEngine.lib(Particle.obj) : error LNK2038: Konflikt ermittelt f³r "_ITERATOR_DEBUG_LEVEL": Der Wert "0" stimmt nicht mit dem Wert "2" in Game.obj ³berein.
BAMEngine.lib(Particle.obj) : error LNK2038: Konflikt ermittelt f³r "RuntimeLibrary": Der Wert "MD_DynamicRelease" stimmt nicht mit dem Wert "MDd_DynamicDebug" in Game.obj ³berein.
BAMEngine.lib(ObjectLoader.obj) : error LNK2038: Konflikt ermittelt f³r "_ITERATOR_DEBUG_LEVEL": Der Wert "0" stimmt nicht mit dem Wert "2" in Game.obj ³berein.
BAMEngine.lib(ObjectLoader.obj) : error LNK2038: Konflikt ermittelt f³r "RuntimeLibrary": Der Wert "MD_DynamicRelease" stimmt nicht mit dem Wert "MDd_DynamicDebug" in Game.obj ³berein.
BAMEngine.lib(VertexBoneMapping.obj) : error LNK2038: Konflikt ermittelt f³r "_ITERATOR_DEBUG_LEVEL": Der Wert "0" stimmt nicht mit dem Wert "2" in Game.obj ³berein.
BAMEngine.lib(VertexBoneMapping.obj) : error LNK2038: Konflikt ermittelt f³r "RuntimeLibrary": Der Wert "MD_DynamicRelease" stimmt nicht mit dem Wert "MDd_DynamicDebug" in Game.obj ³berein.
BAMEngine.lib(VertexBone.obj) : error LNK2038: Konflikt ermittelt f³r "_ITERATOR_DEBUG_LEVEL": Der Wert "0" stimmt nicht mit dem Wert "2" in Game.obj ³berein.
BAMEngine.lib(VertexBone.obj) : error LNK2038: Konflikt ermittelt f³r "RuntimeLibrary": Der Wert "MD_DynamicRelease" stimmt nicht mit dem Wert "MDd_DynamicDebug" in Game.obj ³berein.
BAMEngine.lib(ITextureFactory.obj) : error LNK2038: Konflikt ermittelt f³r "_ITERATOR_DEBUG_LEVEL": Der Wert "0" stimmt nicht mit dem Wert "2" in Game.obj ³berein.
BAMEngine.lib(ITextureFactory.obj) : error LNK2038: Konflikt ermittelt f³r "RuntimeLibrary": Der Wert "MD_DynamicRelease" stimmt nicht mit dem Wert "MDd_DynamicDebug" in Game.obj ³berein.
BAMEngine.lib(BoundingSphere.obj) : error LNK2038: Konflikt ermittelt f³r "_ITERATOR_DEBUG_LEVEL": Der Wert "0" stimmt nicht mit dem Wert "2" in Game.obj ³berein.
BAMEngine.lib(BoundingSphere.obj) : error LNK2038: Konflikt ermittelt f³r "RuntimeLibrary": Der Wert "MD_DynamicRelease" stimmt nicht mit dem Wert "MDd_DynamicDebug" in Game.obj ³berein.
BAMEngine.lib(OBB.obj) : error LNK2038: Konflikt ermittelt f³r "_ITERATOR_DEBUG_LEVEL": Der Wert "0" stimmt nicht mit dem Wert "2" in Game.obj ³berein.
BAMEngine.lib(OBB.obj) : error LNK2038: Konflikt ermittelt f³r "RuntimeLibrary": Der Wert "MD_DynamicRelease" stimmt nicht mit dem Wert "MDd_DynamicDebug" in Game.obj ³berein.
BAMEngine.lib(Keyboard.obj) : error LNK2038: Konflikt ermittelt f³r "_ITERATOR_DEBUG_LEVEL": Der Wert "0" stimmt nicht mit dem Wert "2" in Game.obj ³berein.
BAMEngine.lib(Keyboard.obj) : error LNK2038: Konflikt ermittelt f³r "RuntimeLibrary": Der Wert "MD_DynamicRelease" stimmt nicht mit dem Wert "MDd_DynamicDebug" in Game.obj ³berein.
BAMEngine.lib(Mouse.obj) : error LNK2038: Konflikt ermittelt f³r "_ITERATOR_DEBUG_LEVEL": Der Wert "0" stimmt nicht mit dem Wert "2" in Game.obj ³berein.
BAMEngine.lib(Mouse.obj) : error LNK2038: Konflikt ermittelt f³r "RuntimeLibrary": Der Wert "MD_DynamicRelease" stimmt nicht mit dem Wert "MDd_DynamicDebug" in Game.obj ³berein.
BAMEngine.lib(IInputAPI.obj) : error LNK2038: Konflikt ermittelt f³r "_ITERATOR_DEBUG_LEVEL": Der Wert "0" stimmt nicht mit dem Wert "2" in Game.obj ³berein.
BAMEngine.lib(IInputAPI.obj) : error LNK2038: Konflikt ermittelt f³r "RuntimeLibrary": Der Wert "MD_DynamicRelease" stimmt nicht mit dem Wert "MDd_DynamicDebug" in Game.obj ³berein.
BAMEngine.lib(DirectXShaderFactory.obj) : error LNK2038: Konflikt ermittelt f³r "_ITERATOR_DEBUG_LEVEL": Der Wert "0" stimmt nicht mit dem Wert "2" in Game.obj ³berein.
BAMEngine.lib(DirectXShaderFactory.obj) : error LNK2038: Konflikt ermittelt f³r "RuntimeLibrary": Der Wert "MD_DynamicRelease" stimmt nicht mit dem Wert "MDd_DynamicDebug" in Game.obj ³berein.
BAMEngine.lib(ShaderHandler.obj) : error LNK2038: Konflikt ermittelt f³r "_ITERATOR_DEBUG_LEVEL": Der Wert "0" stimmt nicht mit dem Wert "2" in Game.obj ³berein.
BAMEngine.lib(ShaderHandler.obj) : error LNK2038: Konflikt ermittelt f³r "RuntimeLibrary": Der Wert "MD_DynamicRelease" stimmt nicht mit dem Wert "MDd_DynamicDebug" in Game.obj ³berein.
BAMEngine.lib(DirectX11DeferredRenderer.obj) : error LNK2038: Konflikt ermittelt f³r "_ITERATOR_DEBUG_LEVEL": Der Wert "0" stimmt nicht mit dem Wert "2" in Game.obj ³berein.
BAMEngine.lib(DirectX11DeferredRenderer.obj) : error LNK2038: Konflikt ermittelt f³r "RuntimeLibrary": Der Wert "MD_DynamicRelease" stimmt nicht mit dem Wert "MDd_DynamicDebug" in Game.obj ³berein.
BAMEngine.lib(DirectXTextureFactory.obj) : error LNK2038: Konflikt ermittelt f³r "_ITERATOR_DEBUG_LEVEL": Der Wert "0" stimmt nicht mit dem Wert "2" in Game.obj ³berein.
BAMEngine.lib(DirectXTextureFactory.obj) : error LNK2038: Konflikt ermittelt f³r "RuntimeLibrary": Der Wert "MD_DynamicRelease" stimmt nicht mit dem Wert "MDd_DynamicDebug" in Game.obj ³berein.
BAMEngine.lib(OpenGL4Renderer.obj) : error LNK2038: Konflikt ermittelt f³r "_ITERATOR_DEBUG_LEVEL": Der Wert "0" stimmt nicht mit dem Wert "2" in Game.obj ³berein.
BAMEngine.lib(OpenGL4Renderer.obj) : error LNK2038: Konflikt ermittelt f³r "RuntimeLibrary": Der Wert "MD_DynamicRelease" stimmt nicht mit dem Wert "MDd_DynamicDebug" in Game.obj ³berein.
BAMEngine.lib(OpenGLTextureFactory.obj) : error LNK2038: Konflikt ermittelt f³r "_ITERATOR_DEBUG_LEVEL": Der Wert "0" stimmt nicht mit dem Wert "2" in Game.obj ³berein.
BAMEngine.lib(OpenGLTextureFactory.obj) : error LNK2038: Konflikt ermittelt f³r "RuntimeLibrary": Der Wert "MD_DynamicRelease" stimmt nicht mit dem Wert "MDd_DynamicDebug" in Game.obj ³berein.
BAMEngine.lib(OpenGLShaderFactory.obj) : error LNK2038: Konflikt ermittelt f³r "_ITERATOR_DEBUG_LEVEL": Der Wert "0" stimmt nicht mit dem Wert "2" in Game.obj ³berein.
BAMEngine.lib(OpenGLShaderFactory.obj) : error LNK2038: Konflikt ermittelt f³r "RuntimeLibrary": Der Wert "MD_DynamicRelease" stimmt nicht mit dem Wert "MDd_DynamicDebug" in Game.obj ³berein.
BAMEngine.lib(DirectX11Renderer.obj) : error LNK2038: Konflikt ermittelt f³r "_ITERATOR_DEBUG_LEVEL": Der Wert "0" stimmt nicht mit dem Wert "2" in Game.obj ³berein.
BAMEngine.lib(DirectX11Renderer.obj) : error LNK2038: Konflikt ermittelt f³r "RuntimeLibrary": Der Wert "MD_DynamicRelease" stimmt nicht mit dem Wert "MDd_DynamicDebug" in Game.obj ³berein.
BAMEngine.lib(ISoundListener.obj) : error LNK2038: Konflikt ermittelt f³r "_ITERATOR_DEBUG_LEVEL": Der Wert "0" stimmt nicht mit dem Wert "2" in Game.obj ³berein.
BAMEngine.lib(ISoundListener.obj) : error LNK2038: Konflikt ermittelt f³r "RuntimeLibrary": Der Wert "MD_DynamicRelease" stimmt nicht mit dem Wert "MDd_DynamicDebug" in Game.obj ³berein.
BAMEngine.lib(SoundListenerOpenAL.obj) : error LNK2038: Konflikt ermittelt f³r "_ITERATOR_DEBUG_LEVEL": Der Wert "0" stimmt nicht mit dem Wert "2" in Game.obj ³berein.
BAMEngine.lib(SoundListenerOpenAL.obj) : error LNK2038: Konflikt ermittelt f³r "RuntimeLibrary": Der Wert "MD_DynamicRelease" stimmt nicht mit dem Wert "MDd_DynamicDebug" in Game.obj ³berein.
BAMEngine.lib(SoundOpenAL.obj) : error LNK2038: Konflikt ermittelt f³r "_ITERATOR_DEBUG_LEVEL": Der Wert "0" stimmt nicht mit dem Wert "2" in Game.obj ³berein.
BAMEngine.lib(SoundOpenAL.obj) : error LNK2038: Konflikt ermittelt f³r "RuntimeLibrary": Der Wert "MD_DynamicRelease" stimmt nicht mit dem Wert "MDd_DynamicDebug" in Game.obj ³berein.
BAMEngine.lib(ISoundAPI.obj) : error LNK2038: Konflikt ermittelt f³r "_ITERATOR_DEBUG_LEVEL": Der Wert "0" stimmt nicht mit dem Wert "2" in Game.obj ³berein.
BAMEngine.lib(ISoundAPI.obj) : error LNK2038: Konflikt ermittelt f³r "RuntimeLibrary": Der Wert "MD_DynamicRelease" stimmt nicht mit dem Wert "MDd_DynamicDebug" in Game.obj ³berein.
BAMEngine.lib(SoundSourceOpenAL.obj) : error LNK2038: Konflikt ermittelt f³r "_ITERATOR_DEBUG_LEVEL": Der Wert "0" stimmt nicht mit dem Wert "2" in Game.obj ³berein.
BAMEngine.lib(SoundSourceOpenAL.obj) : error LNK2038: Konflikt ermittelt f³r "RuntimeLibrary": Der Wert "MD_DynamicRelease" stimmt nicht mit dem Wert "MDd_DynamicDebug" in Game.obj ³berein.
BAMEngine.lib(DirectX11DemoSceneRenderer.obj) : error LNK2038: Konflikt ermittelt f³r "_ITERATOR_DEBUG_LEVEL": Der Wert "0" stimmt nicht mit dem Wert "2" in Game.obj ³berein.
BAMEngine.lib(DirectX11DemoSceneRenderer.obj) : error LNK2038: Konflikt ermittelt f³r "RuntimeLibrary": Der Wert "MD_DynamicRelease" stimmt nicht mit dem Wert "MDd_DynamicDebug" in Game.obj ³berein.
BAMEngine.lib(WavefrontObject.obj) : error LNK2038: Konflikt ermittelt f³r "_ITERATOR_DEBUG_LEVEL": Der Wert "0" stimmt nicht mit dem Wert "2" in Game.obj ³berein.
BAMEngine.lib(WavefrontObject.obj) : error LNK2038: Konflikt ermittelt f³r "RuntimeLibrary": Der Wert "MD_DynamicRelease" stimmt nicht mit dem Wert "MDd_DynamicDebug" in Game.obj ³berein.
BAMEngine.lib(pch.obj) : error LNK2038: Konflikt ermittelt f³r "_ITERATOR_DEBUG_LEVEL": Der Wert "0" stimmt nicht mit dem Wert "2" in Game.obj ³berein.
BAMEngine.lib(pch.obj) : error LNK2038: Konflikt ermittelt f³r "RuntimeLibrary": Der Wert "MD_DynamicRelease" stimmt nicht mit dem Wert "MDd_DynamicDebug" in Game.obj ³berein.
BAMEngine.lib(DirectXSkyboxShader.obj) : error LNK2038: Konflikt ermittelt f³r "_ITERATOR_DEBUG_LEVEL": Der Wert "0" stimmt nicht mit dem Wert "2" in Game.obj ³berein.
BAMEngine.lib(DirectXSkyboxShader.obj) : error LNK2038: Konflikt ermittelt f³r "RuntimeLibrary": Der Wert "MD_DynamicRelease" stimmt nicht mit dem Wert "MDd_DynamicDebug" in Game.obj ³berein.
BAMEngine.lib(DirectXShader.obj) : error LNK2038: Konflikt ermittelt f³r "_ITERATOR_DEBUG_LEVEL": Der Wert "0" stimmt nicht mit dem Wert "2" in Game.obj ³berein.
BAMEngine.lib(DirectXShader.obj) : error LNK2038: Konflikt ermittelt f³r "RuntimeLibrary": Der Wert "MD_DynamicRelease" stimmt nicht mit dem Wert "MDd_DynamicDebug" in Game.obj ³berein.
BAMEngine.lib(DirectXLightningShader.obj) : error LNK2038: Konflikt ermittelt f³r "_ITERATOR_DEBUG_LEVEL": Der Wert "0" stimmt nicht mit dem Wert "2" in Game.obj ³berein.
BAMEngine.lib(DirectXLightningShader.obj) : error LNK2038: Konflikt ermittelt f³r "RuntimeLibrary": Der Wert "MD_DynamicRelease" stimmt nicht mit dem Wert "MDd_DynamicDebug" in Game.obj ³berein.
BAMEngine.lib(DirectXGUIShader.obj) : error LNK2038: Konflikt ermittelt f³r "_ITERATOR_DEBUG_LEVEL": Der Wert "0" stimmt nicht mit dem Wert "2" in Game.obj ³berein.
BAMEngine.lib(DirectXGUIShader.obj) : error LNK2038: Konflikt ermittelt f³r "RuntimeLibrary": Der Wert "MD_DynamicRelease" stimmt nicht mit dem Wert "MDd_DynamicDebug" in Game.obj ³berein.
BAMEngine.lib(IShader.obj) : error LNK2038: Konflikt ermittelt f³r "_ITERATOR_DEBUG_LEVEL": Der Wert "0" stimmt nicht mit dem Wert "2" in Game.obj ³berein.
BAMEngine.lib(IShader.obj) : error LNK2038: Konflikt ermittelt f³r "RuntimeLibrary": Der Wert "MD_DynamicRelease" stimmt nicht mit dem Wert "MDd_DynamicDebug" in Game.obj ³berein.
BAMEngine.lib(DirectXLightningPassShader.obj) : error LNK2038: Konflikt ermittelt f³r "_ITERATOR_DEBUG_LEVEL": Der Wert "0" stimmt nicht mit dem Wert "2" in Game.obj ³berein.
BAMEngine.lib(DirectXLightningPassShader.obj) : error LNK2038: Konflikt ermittelt f³r "RuntimeLibrary": Der Wert "MD_DynamicRelease" stimmt nicht mit dem Wert "MDd_DynamicDebug" in Game.obj ³berein.
BAMEngine.lib(DirectXGeometryPassShader.obj) : error LNK2038: Konflikt ermittelt f³r "_ITERATOR_DEBUG_LEVEL": Der Wert "0" stimmt nicht mit dem Wert "2" in Game.obj ³berein.
BAMEngine.lib(DirectXGeometryPassShader.obj) : error LNK2038: Konflikt ermittelt f³r "RuntimeLibrary": Der Wert "MD_DynamicRelease" stimmt nicht mit dem Wert "MDd_DynamicDebug" in Game.obj ³berein.
BAMEngine.lib(DirectXBasicShader.obj) : error LNK2038: Konflikt ermittelt f³r "_ITERATOR_DEBUG_LEVEL": Der Wert "0" stimmt nicht mit dem Wert "2" in Game.obj ³berein.
BAMEngine.lib(DirectXBasicShader.obj) : error LNK2038: Konflikt ermittelt f³r "RuntimeLibrary": Der Wert "MD_DynamicRelease" stimmt nicht mit dem Wert "MDd_DynamicDebug" in Game.obj ³berein.
BAMEngine.lib(IShaderFactory.obj) : error LNK2038: Konflikt ermittelt f³r "_ITERATOR_DEBUG_LEVEL": Der Wert "0" stimmt nicht mit dem Wert "2" in Game.obj ³berein.
BAMEngine.lib(IShaderFactory.obj) : error LNK2038: Konflikt ermittelt f³r "RuntimeLibrary": Der Wert "MD_DynamicRelease" stimmt nicht mit dem Wert "MDd_DynamicDebug" in Game.obj ³berein.
BAMEngine.lib(DirectXLightningSkinningShader.obj) : error LNK2038: Konflikt ermittelt f³r "_ITERATOR_DEBUG_LEVEL": Der Wert "0" stimmt nicht mit dem Wert "2" in Game.obj ³berein.
BAMEngine.lib(DirectXLightningSkinningShader.obj) : error LNK2038: Konflikt ermittelt f³r "RuntimeLibrary": Der Wert "MD_DynamicRelease" stimmt nicht mit dem Wert "MDd_DynamicDebug" in Game.obj ³berein.
BAMEngine.lib(DirectXTexturePhongShader.obj) : error LNK2038: Konflikt ermittelt f³r "_ITERATOR_DEBUG_LEVEL": Der Wert "0" stimmt nicht mit dem Wert "2" in Game.obj ³berein.
BAMEngine.lib(DirectXTexturePhongShader.obj) : error LNK2038: Konflikt ermittelt f³r "RuntimeLibrary": Der Wert "MD_DynamicRelease" stimmt nicht mit dem Wert "MDd_DynamicDebug" in Game.obj ³berein.
BAMEngine.lib(DirectXSkydomeShader.obj) : error LNK2038: Konflikt ermittelt f³r "_ITERATOR_DEBUG_LEVEL": Der Wert "0" stimmt nicht mit dem Wert "2" in Game.obj ³berein.
BAMEngine.lib(DirectXSkydomeShader.obj) : error LNK2038: Konflikt ermittelt f³r "RuntimeLibrary": Der Wert "MD_DynamicRelease" stimmt nicht mit dem Wert "MDd_DynamicDebug" in Game.obj ³berein.
BAMEngine.lib(DirectXDemoSceneShader.obj) : error LNK2038: Konflikt ermittelt f³r "_ITERATOR_DEBUG_LEVEL": Der Wert "0" stimmt nicht mit dem Wert "2" in Game.obj ³berein.
BAMEngine.lib(DirectXDemoSceneShader.obj) : error LNK2038: Konflikt ermittelt f³r "RuntimeLibrary": Der Wert "MD_DynamicRelease" stimmt nicht mit dem Wert "MDd_DynamicDebug" in Game.obj ³berein.
BAMEngine.lib(DirectXShadowMapShader.obj) : error LNK2038: Konflikt ermittelt f³r "_ITERATOR_DEBUG_LEVEL": Der Wert "0" stimmt nicht mit dem Wert "2" in Game.obj ³berein.
BAMEngine.lib(DirectXShadowMapShader.obj) : error LNK2038: Konflikt ermittelt f³r "RuntimeLibrary": Der Wert "MD_DynamicRelease" stimmt nicht mit dem Wert "MDd_DynamicDebug" in Game.obj ³berein.
BAMEngine.lib(DirectXTextureShader.obj) : error LNK2038: Konflikt ermittelt f³r "_ITERATOR_DEBUG_LEVEL": Der Wert "0" stimmt nicht mit dem Wert "2" in Game.obj ³berein.
BAMEngine.lib(DirectXTextureShader.obj) : error LNK2038: Konflikt ermittelt f³r "RuntimeLibrary": Der Wert "MD_DynamicRelease" stimmt nicht mit dem Wert "MDd_DynamicDebug" in Game.obj ³berein.
BAMEngine.lib(DirectXParticleShader.obj) : error LNK2038: Konflikt ermittelt f³r "_ITERATOR_DEBUG_LEVEL": Der Wert "0" stimmt nicht mit dem Wert "2" in Game.obj ³berein.
BAMEngine.lib(DirectXParticleShader.obj) : error LNK2038: Konflikt ermittelt f³r "RuntimeLibrary": Der Wert "MD_DynamicRelease" stimmt nicht mit dem Wert "MDd_DynamicDebug" in Game.obj ³berein.
BAMEngine.lib(ShaderData.obj) : error LNK2038: Konflikt ermittelt f³r "_ITERATOR_DEBUG_LEVEL": Der Wert "0" stimmt nicht mit dem Wert "2" in Game.obj ³berein.
BAMEngine.lib(ShaderData.obj) : error LNK2038: Konflikt ermittelt f³r "RuntimeLibrary": Der Wert "MD_DynamicRelease" stimmt nicht mit dem Wert "MDd_DynamicDebug" in Game.obj ³berein.
BAMEngine.lib(VerticalPlane.obj) : error LNK2038: Konflikt ermittelt f³r "_ITERATOR_DEBUG_LEVEL": Der Wert "0" stimmt nicht mit dem Wert "2" in Game.obj ³berein.
BAMEngine.lib(VerticalPlane.obj) : error LNK2038: Konflikt ermittelt f³r "RuntimeLibrary": Der Wert "MD_DynamicRelease" stimmt nicht mit dem Wert "MDd_DynamicDebug" in Game.obj ³berein.
BAMEngine.lib(DirectXBufferFactory.obj) : error LNK2038: Konflikt ermittelt f³r "_ITERATOR_DEBUG_LEVEL": Der Wert "0" stimmt nicht mit dem Wert "2" in Game.obj ³berein.
BAMEngine.lib(DirectXBufferFactory.obj) : error LNK2038: Konflikt ermittelt f³r "RuntimeLibrary": Der Wert "MD_DynamicRelease" stimmt nicht mit dem Wert "MDd_DynamicDebug" in Game.obj ³berein.
BAMEngine.lib(DirectXTexture.obj) : error LNK2038: Konflikt ermittelt f³r "_ITERATOR_DEBUG_LEVEL": Der Wert "0" stimmt nicht mit dem Wert "2" in Game.obj ³berein.
BAMEngine.lib(DirectXTexture.obj) : error LNK2038: Konflikt ermittelt f³r "RuntimeLibrary": Der Wert "MD_DynamicRelease" stimmt nicht mit dem Wert "MDd_DynamicDebug" in Game.obj ³berein.
BAMEngine.lib(OpenGLVertexBuffer.obj) : error LNK2038: Konflikt ermittelt f³r "_ITERATOR_DEBUG_LEVEL": Der Wert "0" stimmt nicht mit dem Wert "2" in Game.obj ³berein.
BAMEngine.lib(OpenGLVertexBuffer.obj) : error LNK2038: Konflikt ermittelt f³r "RuntimeLibrary": Der Wert "MD_DynamicRelease" stimmt nicht mit dem Wert "MDd_DynamicDebug" in Game.obj ³berein.
BAMEngine.lib(OpenGLBufferFactory.obj) : error LNK2038: Konflikt ermittelt f³r "_ITERATOR_DEBUG_LEVEL": Der Wert "0" stimmt nicht mit dem Wert "2" in Game.obj ³berein.
BAMEngine.lib(OpenGLBufferFactory.obj) : error LNK2038: Konflikt ermittelt f³r "RuntimeLibrary": Der Wert "MD_DynamicRelease" stimmt nicht mit dem Wert "MDd_DynamicDebug" in Game.obj ³berein.
BAMEngine.lib(OpenGLIndexBuffer.obj) : error LNK2038: Konflikt ermittelt f³r "_ITERATOR_DEBUG_LEVEL": Der Wert "0" stimmt nicht mit dem Wert "2" in Game.obj ³berein.
BAMEngine.lib(OpenGLIndexBuffer.obj) : error LNK2038: Konflikt ermittelt f³r "RuntimeLibrary": Der Wert "MD_DynamicRelease" stimmt nicht mit dem Wert "MDd_DynamicDebug" in Game.obj ³berein.
BAMEngine.lib(OpenGLTexture.obj) : error LNK2038: Konflikt ermittelt f³r "_ITERATOR_DEBUG_LEVEL": Der Wert "0" stimmt nicht mit dem Wert "2" in Game.obj ³berein.
BAMEngine.lib(OpenGLTexture.obj) : error LNK2038: Konflikt ermittelt f³r "RuntimeLibrary": Der Wert "MD_DynamicRelease" stimmt nicht mit dem Wert "MDd_DynamicDebug" in Game.obj ³berein.
BAMEngine.lib(OpenGLBasicShader.obj) : error LNK2038: Konflikt ermittelt f³r "_ITERATOR_DEBUG_LEVEL": Der Wert "0" stimmt nicht mit dem Wert "2" in Game.obj ³berein.
BAMEngine.lib(OpenGLBasicShader.obj) : error LNK2038: Konflikt ermittelt f³r "RuntimeLibrary": Der Wert "MD_DynamicRelease" stimmt nicht mit dem Wert "MDd_DynamicDebug" in Game.obj ³berein.
BAMEngine.lib(OpenGLTexturePhongShader.obj) : error LNK2038: Konflikt ermittelt f³r "_ITERATOR_DEBUG_LEVEL": Der Wert "0" stimmt nicht mit dem Wert "2" in Game.obj ³berein.
BAMEngine.lib(OpenGLTexturePhongShader.obj) : error LNK2038: Konflikt ermittelt f³r "RuntimeLibrary": Der Wert "MD_DynamicRelease" stimmt nicht mit dem Wert "MDd_DynamicDebug" in Game.obj ³berein.
BAMEngine.lib(OpenGLSkydomeShader.obj) : error LNK2038: Konflikt ermittelt f³r "_ITERATOR_DEBUG_LEVEL": Der Wert "0" stimmt nicht mit dem Wert "2" in Game.obj ³berein.
BAMEngine.lib(OpenGLSkydomeShader.obj) : error LNK2038: Konflikt ermittelt f³r "RuntimeLibrary": Der Wert "MD_DynamicRelease" stimmt nicht mit dem Wert "MDd_DynamicDebug" in Game.obj ³berein.
BAMEngine.lib(OpenGLLightningShader.obj) : error LNK2038: Konflikt ermittelt f³r "_ITERATOR_DEBUG_LEVEL": Der Wert "0" stimmt nicht mit dem Wert "2" in Game.obj ³berein.
BAMEngine.lib(OpenGLLightningShader.obj) : error LNK2038: Konflikt ermittelt f³r "RuntimeLibrary": Der Wert "MD_DynamicRelease" stimmt nicht mit dem Wert "MDd_DynamicDebug" in Game.obj ³berein.
BAMEngine.lib(OpenGLGUIShader.obj) : error LNK2038: Konflikt ermittelt f³r "_ITERATOR_DEBUG_LEVEL": Der Wert "0" stimmt nicht mit dem Wert "2" in Game.obj ³berein.
BAMEngine.lib(OpenGLGUIShader.obj) : error LNK2038: Konflikt ermittelt f³r "RuntimeLibrary": Der Wert "MD_DynamicRelease" stimmt nicht mit dem Wert "MDd_DynamicDebug" in Game.obj ³berein.
BAMEngine.lib(OpenGLTextureShader.obj) : error LNK2038: Konflikt ermittelt f³r "_ITERATOR_DEBUG_LEVEL": Der Wert "0" stimmt nicht mit dem Wert "2" in Game.obj ³berein.
BAMEngine.lib(OpenGLTextureShader.obj) : error LNK2038: Konflikt ermittelt f³r "RuntimeLibrary": Der Wert "MD_DynamicRelease" stimmt nicht mit dem Wert "MDd_DynamicDebug" in Game.obj ³berein.
BAMEngine.lib(IParticleShader.obj) : error LNK2038: Konflikt ermittelt f³r "_ITERATOR_DEBUG_LEVEL": Der Wert "0" stimmt nicht mit dem Wert "2" in Game.obj ³berein.
BAMEngine.lib(IParticleShader.obj) : error LNK2038: Konflikt ermittelt f³r "RuntimeLibrary": Der Wert "MD_DynamicRelease" stimmt nicht mit dem Wert "MDd_DynamicDebug" in Game.obj ³berein.
BAMEngine.lib(ISound.obj) : error LNK2038: Konflikt ermittelt f³r "_ITERATOR_DEBUG_LEVEL": Der Wert "0" stimmt nicht mit dem Wert "2" in Game.obj ³berein.
BAMEngine.lib(ISound.obj) : error LNK2038: Konflikt ermittelt f³r "RuntimeLibrary": Der Wert "MD_DynamicRelease" stimmt nicht mit dem Wert "MDd_DynamicDebug" in Game.obj ³berein.
BAMEngine.lib(ISoundSource.obj) : error LNK2038: Konflikt ermittelt f³r "_ITERATOR_DEBUG_LEVEL": Der Wert "0" stimmt nicht mit dem Wert "2" in Game.obj ³berein.
BAMEngine.lib(ISoundSource.obj) : error LNK2038: Konflikt ermittelt f³r "RuntimeLibrary": Der Wert "MD_DynamicRelease" stimmt nicht mit dem Wert "MDd_DynamicDebug" in Game.obj ³berein.
BAMEngine.lib(ConstantBufferHelper.obj) : error LNK2038: Konflikt ermittelt f³r "_ITERATOR_DEBUG_LEVEL": Der Wert "0" stimmt nicht mit dem Wert "2" in Game.obj ³berein.
BAMEngine.lib(ConstantBufferHelper.obj) : error LNK2038: Konflikt ermittelt f³r "RuntimeLibrary": Der Wert "MD_DynamicRelease" stimmt nicht mit dem Wert "MDd_DynamicDebug" in Game.obj ³berein.
BAMEngine.lib(DirectXIndexBuffer.obj) : error LNK2038: Konflikt ermittelt f³r "_ITERATOR_DEBUG_LEVEL": Der Wert "0" stimmt nicht mit dem Wert "2" in Game.obj ³berein.
BAMEngine.lib(DirectXIndexBuffer.obj) : error LNK2038: Konflikt ermittelt f³r "RuntimeLibrary": Der Wert "MD_DynamicRelease" stimmt nicht mit dem Wert "MDd_DynamicDebug" in Game.obj ³berein.
BAMEngine.lib(DirectXVertexBuffer.obj) : error LNK2038: Konflikt ermittelt f³r "_ITERATOR_DEBUG_LEVEL": Der Wert "0" stimmt nicht mit dem Wert "2" in Game.obj ³berein.
BAMEngine.lib(DirectXVertexBuffer.obj) : error LNK2038: Konflikt ermittelt f³r "RuntimeLibrary": Der Wert "MD_DynamicRelease" stimmt nicht mit dem Wert "MDd_DynamicDebug" in Game.obj ³berein.
BAMEngine.lib(DDSTextureLoader.obj) : error LNK2038: Konflikt ermittelt f³r "_ITERATOR_DEBUG_LEVEL": Der Wert "0" stimmt nicht mit dem Wert "2" in Game.obj ³berein.
BAMEngine.lib(DDSTextureLoader.obj) : error LNK2038: Konflikt ermittelt f³r "RuntimeLibrary": Der Wert "MD_DynamicRelease" stimmt nicht mit dem Wert "MDd_DynamicDebug" in Game.obj ³berein.
BAMEngine.lib(WICTextureLoader.obj) : error LNK2038: Konflikt ermittelt f³r "_ITERATOR_DEBUG_LEVEL": Der Wert "0" stimmt nicht mit dem Wert "2" in Game.obj ³berein.
BAMEngine.lib(WICTextureLoader.obj) : error LNK2038: Konflikt ermittelt f³r "RuntimeLibrary": Der Wert "MD_DynamicRelease" stimmt nicht mit dem Wert "MDd_DynamicDebug" in Game.obj ³berein.
BAMEngine.lib(OpenGLShader.obj) : error LNK2038: Konflikt ermittelt f³r "_ITERATOR_DEBUG_LEVEL": Der Wert "0" stimmt nicht mit dem Wert "2" in Game.obj ³berein.
BAMEngine.lib(OpenGLShader.obj) : error LNK2038: Konflikt ermittelt f³r "RuntimeLibrary": Der Wert "MD_DynamicRelease" stimmt nicht mit dem Wert "MDd_DynamicDebug" in Game.obj ³berein.
LINK : warning LNK4098: Standardbibliothek "MSVCRT" steht in Konflikt mit anderen Bibliotheken; /NODEFAULTLIB:Bibliothek verwenden.
C:\Users\pabenk\Desktop\VorzeigeCode\ExampleCode\x64\Debug\ExampleCode.exe : fatal error LNK1319: 260 Konflikte ermittelt
