g:\visual studio\workspaces\game engine\devgame\debug\directionalphongpixelshader.cso
g:\visual studio\workspaces\game engine\devgame\debug\directionalphongvertexshader.cso
g:\visual studio\workspaces\game engine\devgame\debug\directionaltexturephongpixelshader.cso
g:\visual studio\workspaces\game engine\devgame\debug\directionaltexturephongvertexshader.cso
g:\visual studio\workspaces\game engine\devgame\debug\geometrypasspixelshader.cso
g:\visual studio\workspaces\game engine\devgame\debug\geometrypassvertexshader.cso
g:\visual studio\workspaces\game engine\devgame\debug\guipixelshader.cso
g:\visual studio\workspaces\game engine\devgame\debug\guivertexshader.cso
g:\visual studio\workspaces\game engine\devgame\debug\lightningpasspixelshader.cso
g:\visual studio\workspaces\game engine\devgame\debug\lightningpassvertexshader.cso
g:\visual studio\workspaces\game engine\devgame\debug\particlegeometryshader.cso
g:\visual studio\workspaces\game engine\devgame\debug\particlepixelshader.cso
g:\visual studio\workspaces\game engine\devgame\debug\particlevertexshader.cso
g:\visual studio\workspaces\game engine\devgame\debug\shadowmappixelshader.cso
g:\visual studio\workspaces\game engine\devgame\debug\shadowmapvertexshader.cso
g:\visual studio\workspaces\game engine\devgame\debug\skyboxpixelshader.cso
g:\visual studio\workspaces\game engine\devgame\debug\skyboxvertexshader.cso
g:\visual studio\workspaces\game engine\devgame\debug\skydomepixelshader.cso
g:\visual studio\workspaces\game engine\devgame\debug\skydomevertexshader.cso
g:\visual studio\workspaces\game engine\devgame\debug\texturepixelshader.cso
g:\visual studio\workspaces\game engine\devgame\debug\texturevertexshader.cso
g:\visual studio\workspaces\game engine\devgame\debug\lightningpixelshader.cso
g:\visual studio\workspaces\game engine\devgame\debug\lightningvertexshader.cso
g:\visual studio\workspaces\game engine\devgame\debug\simplepixelshader.cso
g:\visual studio\workspaces\game engine\devgame\debug\simplevertexshader.cso
g:\visual studio\workspaces\game engine\bamengine\bamengine\debug\bamengine.tlog\bamengine.write.1u.tlog
g:\visual studio\workspaces\game engine\bamengine\bamengine\debug\bamengine.tlog\fxc.command.1.tlog
g:\visual studio\workspaces\game engine\bamengine\bamengine\debug\bamengine.tlog\fxc.read.1.tlog
