  SimpleBox.cpp
  Item.cpp
  IGameObject.cpp
  Ball.cpp
c:\users\pabenk\desktop\vorzeigecode\examplecode\examplecode\testscenes\ballgameclasses\Ball.h(17): warning C4305: "Initialisierung": Verkürzung von "double" in "float"
  Game.cpp
Core\Game.cpp(60): warning C4244: "Argument": Konvertierung von "double" in "float", möglicher Datenverlust
  main.cpp
  Player.cpp
  PlayerStateInvertedMovement.cpp
  PlayerStateNormal.cpp
  BoundingBox.cpp
  Box.cpp
  ITestScene.cpp
  TestSceneBallGame.cpp
c:\users\pabenk\desktop\vorzeigecode\examplecode\examplecode\testscenes\BallGameClasses/Ball.h(17): warning C4305: "Initialisierung": Verkürzung von "double" in "float"
TestScenes\TestSceneBallGame.cpp(310): warning C4244: "Argument": Konvertierung von "double" in "float", möglicher Datenverlust
TestScenes\TestSceneBallGame.cpp(332): warning C4244: "Argument": Konvertierung von "double" in "float", möglicher Datenverlust
TestScenes\TestSceneBallGame.cpp(466): warning C4267: "Initialisierung": Konvertierung von "size_t" nach "int", Datenverlust möglich
TestScenes\TestSceneBallGame.cpp(478): warning C4244: "=": Konvertierung von "double" in "float", möglicher Datenverlust
  TestScene3D.cpp
TestScenes\TestScene3D.cpp(70): warning C4244: "Argument": Konvertierung von "double" in "float", möglicher Datenverlust
TestScenes\TestScene3D.cpp(158): warning C4305: "Argument": Verkürzung von "double" in "float"
TestScenes\TestScene3D.cpp(174): warning C4305: "Argument": Verkürzung von "double" in "float"
TestScenes\TestScene3D.cpp(250): warning C4305: "Argument": Verkürzung von "double" in "float"
TestScenes\TestScene3D.cpp(298): warning C4305: "Argument": Verkürzung von "double" in "const float"
TestScenes\TestScene3D.cpp(305): warning C4305: "Argument": Verkürzung von "double" in "const float"
TestScenes\TestScene3D.cpp(385): warning C4305: "Argument": Verkürzung von "double" in "float"
TestScenes\TestScene3D.cpp(387): warning C4305: "Argument": Verkürzung von "double" in "float"
TestScenes\TestScene3D.cpp(432): warning C4305: "Argument": Verkürzung von "double" in "float"
  TestSceneHandler.cpp
c:\users\pabenk\desktop\vorzeigecode\examplecode\examplecode\testscenes\BallGameClasses/Ball.h(17): warning C4305: "Initialisierung": Verkürzung von "double" in "float"
  Code wird generiert.
g:\visual studio\workspaces\game engine\bamengine\bamengine\core\inputapi\directxinputapi.cpp(249): warning C4172: Adresse einer lokalen Variablen oder eines temporären Werts "" wird zurückgegeben
  All 9060 functions were compiled because no usable IPDB/IOBJ from previous compilation was found.
  Codegenerierung ist abgeschlossen.
BAMEngine.lib(SOIL.obj) : warning LNK4099: PDB "SOIL.pdb" wurde nicht mit "BAMEngine.lib(SOIL.obj)" oder an "C:\Users\pabenk\Desktop\VorzeigeCode\ExampleCode\x64\Release\SOIL.pdb" gefunden; Objekt wird verknüpft, als ob keine Debuginformationen vorhanden wären.
BAMEngine.lib(image_helper.obj) : warning LNK4099: PDB "SOIL.pdb" wurde nicht mit "BAMEngine.lib(image_helper.obj)" oder an "C:\Users\pabenk\Desktop\VorzeigeCode\ExampleCode\x64\Release\SOIL.pdb" gefunden; Objekt wird verknüpft, als ob keine Debuginformationen vorhanden wären.
BAMEngine.lib(stb_image_aug.obj) : warning LNK4099: PDB "SOIL.pdb" wurde nicht mit "BAMEngine.lib(stb_image_aug.obj)" oder an "C:\Users\pabenk\Desktop\VorzeigeCode\ExampleCode\x64\Release\SOIL.pdb" gefunden; Objekt wird verknüpft, als ob keine Debuginformationen vorhanden wären.
BAMEngine.lib(image_DXT.obj) : warning LNK4099: PDB "SOIL.pdb" wurde nicht mit "BAMEngine.lib(image_DXT.obj)" oder an "C:\Users\pabenk\Desktop\VorzeigeCode\ExampleCode\x64\Release\SOIL.pdb" gefunden; Objekt wird verknüpft, als ob keine Debuginformationen vorhanden wären.
BAMEngine.lib(WICTextureLoader.obj) : warning LNK4099: PDB "DirectXTK.pdb" wurde nicht mit "BAMEngine.lib(WICTextureLoader.obj)" oder an "C:\Users\pabenk\Desktop\VorzeigeCode\ExampleCode\x64\Release\DirectXTK.pdb" gefunden; Objekt wird verknüpft, als ob keine Debuginformationen vorhanden wären.
BAMEngine.lib(pch.obj) : warning LNK4099: PDB "DirectXTK.pdb" wurde nicht mit "BAMEngine.lib(pch.obj)" oder an "C:\Users\pabenk\Desktop\VorzeigeCode\ExampleCode\x64\Release\DirectXTK.pdb" gefunden; Objekt wird verknüpft, als ob keine Debuginformationen vorhanden wären.
BAMEngine.lib(Mouse.obj) : warning LNK4099: PDB "DirectXTK.pdb" wurde nicht mit "BAMEngine.lib(Mouse.obj)" oder an "C:\Users\pabenk\Desktop\VorzeigeCode\ExampleCode\x64\Release\DirectXTK.pdb" gefunden; Objekt wird verknüpft, als ob keine Debuginformationen vorhanden wären.
BAMEngine.lib(Keyboard.obj) : warning LNK4099: PDB "DirectXTK.pdb" wurde nicht mit "BAMEngine.lib(Keyboard.obj)" oder an "C:\Users\pabenk\Desktop\VorzeigeCode\ExampleCode\x64\Release\DirectXTK.pdb" gefunden; Objekt wird verknüpft, als ob keine Debuginformationen vorhanden wären.
BAMEngine.lib(DDSTextureLoader.obj) : warning LNK4099: PDB "DirectXTK.pdb" wurde nicht mit "BAMEngine.lib(DDSTextureLoader.obj)" oder an "C:\Users\pabenk\Desktop\VorzeigeCode\ExampleCode\x64\Release\DirectXTK.pdb" gefunden; Objekt wird verknüpft, als ob keine Debuginformationen vorhanden wären.
  ExampleCode.vcxproj -> C:\Users\pabenk\Desktop\VorzeigeCode\ExampleCode\x64\Release\ExampleCode.exe
