c:\users\pabenk\desktop\vorzeigecode\examplecode\examplecode\x64\release\vc141.pdb
c:\users\pabenk\desktop\vorzeigecode\examplecode\examplecode\x64\release\testscenehandler.obj
c:\users\pabenk\desktop\vorzeigecode\examplecode\examplecode\x64\release\testscene3d.obj
c:\users\pabenk\desktop\vorzeigecode\examplecode\examplecode\x64\release\testsceneballgame.obj
c:\users\pabenk\desktop\vorzeigecode\examplecode\examplecode\x64\release\itestscene.obj
c:\users\pabenk\desktop\vorzeigecode\examplecode\examplecode\x64\release\box.obj
c:\users\pabenk\desktop\vorzeigecode\examplecode\examplecode\x64\release\boundingbox.obj
c:\users\pabenk\desktop\vorzeigecode\examplecode\examplecode\x64\release\playerstatenormal.obj
c:\users\pabenk\desktop\vorzeigecode\examplecode\examplecode\x64\release\playerstateinvertedmovement.obj
c:\users\pabenk\desktop\vorzeigecode\examplecode\examplecode\x64\release\player.obj
c:\users\pabenk\desktop\vorzeigecode\examplecode\examplecode\x64\release\main.obj
c:\users\pabenk\desktop\vorzeigecode\examplecode\examplecode\x64\release\game.obj
c:\users\pabenk\desktop\vorzeigecode\examplecode\examplecode\x64\release\ball.obj
c:\users\pabenk\desktop\vorzeigecode\examplecode\examplecode\x64\release\igameobject.obj
c:\users\pabenk\desktop\vorzeigecode\examplecode\examplecode\x64\release\item.obj
c:\users\pabenk\desktop\vorzeigecode\examplecode\examplecode\x64\release\simplebox.obj
c:\users\pabenk\desktop\vorzeigecode\examplecode\examplecode\x64\release\examplecode.tlog\cl.command.1.tlog
c:\users\pabenk\desktop\vorzeigecode\examplecode\examplecode\x64\release\examplecode.tlog\cl.read.1.tlog
c:\users\pabenk\desktop\vorzeigecode\examplecode\examplecode\x64\release\examplecode.tlog\cl.write.1.tlog
c:\users\pabenk\desktop\vorzeigecode\examplecode\examplecode\x64\release\examplecode.tlog\link.command.1.tlog
c:\users\pabenk\desktop\vorzeigecode\examplecode\examplecode\x64\release\examplecode.tlog\link.read.1.tlog
c:\users\pabenk\desktop\vorzeigecode\examplecode\examplecode\x64\release\examplecode.tlog\link.write.1.tlog
